#
# There is insufficient memory for the Java Runtime Environment to continue.
# Native memory allocation (malloc) failed to allocate 1048576 bytes for AllocateHeap
# Possible reasons:
#   The system is out of physical RAM or swap space
#   The process is running with CompressedOops enabled, and the Java Heap may be blocking the growth of the native heap
# Possible solutions:
#   Reduce memory load on the system
#   Increase physical memory or swap space
#   Check if swap backing store is full
#   Decrease Java heap size (-Xmx/-Xms)
#   Decrease number of Java threads
#   Decrease Java thread stack sizes (-Xss)
#   Set larger code cache with -XX:ReservedCodeCacheSize=
#   JVM is running with Zero Based Compressed Oops mode in which the Java heap is
#     placed in the first 32GB address space. The Java Heap base address is the
#     maximum limit for the native heap growth. Please use -XX:HeapBaseMinAddress
#     to set the Java Heap base and to place the Java Heap above 32GB virtual address.
# This output file may be truncated or incomplete.
#
#  Out of Memory Error (./open/src/hotspot/share/memory/allocation.cpp:44), pid=9996, tid=11580
#
# JRE version:  (15.0.2+7) (build )
# Java VM: Java HotSpot(TM) 64-Bit Server VM (15.0.2+7-27, mixed mode, sharing, tiered, compressed oops, g1 gc, windows-amd64)
# No core dump will be written. Minidumps are not enabled by default on client versions of Windows
#

---------------  S U M M A R Y ------------

Command Line: -Duser.language=en -ea -Didea.test.cyclic.buffer.size=1048576 -javaagent:F:\IntelliJ IDEA 2020.3.3\lib\idea_rt.jar=49848:F:\IntelliJ IDEA 2020.3.3\bin -Dfile.encoding=UTF-8 com.intellij.rt.junit.JUnitStarter -ideVersion5 -junit5 TestMyMathModule,stub

Host: Intel(R) Core(TM) i7-8750H CPU @ 2.20GHz, 12 cores, 19G,  Windows 10 , 64 bit Build 19041 (10.0.19041.804)
Time: Fri Apr  2 14:09:27 2021 中国标准时间 elapsed time: 0.112071 seconds (0d 0h 0m 0s)

---------------  T H R E A D  ---------------

Current thread (0x0000026bafd34840):  JavaThread "Unknown thread" [_thread_in_vm, id=11580, stack(0x0000006dad600000,0x0000006dad700000)]

Stack: [0x0000006dad600000,0x0000006dad700000]
Native frames: (J=compiled Java code, j=interpreted, Vv=VM code, C=native code)
V  [jvm.dll+0x62ae9a]
V  [jvm.dll+0x7817a9]
V  [jvm.dll+0x782f03]
V  [jvm.dll+0x783563]
V  [jvm.dll+0x216325]
V  [jvm.dll+0x8ebb2]
V  [jvm.dll+0x2b0975]
V  [jvm.dll+0x2a80ce]
V  [jvm.dll+0x75e241]
V  [jvm.dll+0x3341c4]
V  [jvm.dll+0x73e926]
V  [jvm.dll+0x3b7557]
V  [jvm.dll+0x3b8fe1]
C  [jli.dll+0x52fb]
C  [ucrtbase.dll+0x21bb2]
C  [KERNEL32.DLL+0x17034]
C  [ntdll.dll+0x52651]


---------------  P R O C E S S  ---------------

Threads class SMR info:
_java_thread_list=0x00007ffc7fe34ff0, length=0, elements={
}

Java Threads: ( => current thread )

Other Threads:
  0x0000026bafd8aa50 GCTaskThread "GC Thread#0" [stack: 0x0000006dad700000,0x0000006dad800000] [id=31604]

[error occurred during error reporting (printing all threads), id 0xc0000005, EXCEPTION_ACCESS_VIOLATION (0xc0000005) at pc=0x00007ffc7f6253a0]

VM state: not at safepoint (not fully initialized)

VM Mutex/Monitor currently owned by a thread:  ([mutex/lock_event])
[0x0000026bafd2ef10] Heap_lock - owner thread: 0x0000026bafd34840

Heap address: 0x00000006c2000000, size: 5088 MB, Compressed Oops mode: Zero based, Oop shift amount: 3
CDS archive(s) mapped at: [0x0000000000000000-0x0000000000000000-0x0000000000000000), size 0, SharedBaseAddress: 0x0000000800000000, ArchiveRelocationMode: 0.
Narrow klass base: 0x0000000000000000, Narrow klass shift: 0, Narrow klass range: 0x0

Heap:
 garbage-first heap   total 0K, used 0K [0x00000006c2000000, 0x0000000800000000)
  region size 4096K, 0 young (0K), 0 survivors (0K)
 Metaspace       used 0K, capacity 0K, committed 0K, reserved 0K
  class space    used 0K, capacity 0K, committed 0K, reserved 0K

Heap Regions: E=young(eden), S=young(survivor), O=old, HS=humongous(starts), HC=humongous(continues), CS=collection set, F=free, OA=open archive, CA=closed archive, TAMS=top-at-mark-start (previous, next)

Card table byte_map: [0x0000026bd1f80000,0x0000026bd2970000] _byte_map_base: 0x0000026bce970000

GC Heap History (0 events):
No events

Deoptimization events (0 events):
No events

Classes unloaded (0 events):
No events

Classes redefined (0 events):
No events

Internal exceptions (0 events):
No events

Events (1 events):
Event: 0.006 Loaded shared library F:\Java\bin\java.dll


Dynamic libraries:
0x00007ff742bb0000 - 0x00007ff742bbf000 	F:\Java\bin\java.exe
0x00007ffce0db0000 - 0x00007ffce0fa5000 	C:\WINDOWS\SYSTEM32\ntdll.dll
0x00007ffcdfe20000 - 0x00007ffcdfedd000 	C:\WINDOWS\System32\KERNEL32.DLL
0x00007ffcde7b0000 - 0x00007ffcdea79000 	C:\WINDOWS\System32\KERNELBASE.dll
0x00007ffcdea80000 - 0x00007ffcdeb80000 	C:\WINDOWS\System32\ucrtbase.dll
0x00007ffccc7c0000 - 0x00007ffccc7d8000 	F:\Java\bin\jli.dll
0x00007ffccc7a0000 - 0x00007ffccc7b9000 	F:\Java\bin\VCRUNTIME140.dll
0x00007ffce0a10000 - 0x00007ffce0abc000 	C:\WINDOWS\System32\ADVAPI32.dll
0x00007ffcdfd40000 - 0x00007ffcdfdde000 	C:\WINDOWS\System32\msvcrt.dll
0x00007ffcdff70000 - 0x00007ffce000c000 	C:\WINDOWS\System32\sechost.dll
0x00007ffcdf920000 - 0x00007ffcdfa4b000 	C:\WINDOWS\System32\RPCRT4.dll
0x00007ffce0b20000 - 0x00007ffce0cc0000 	C:\WINDOWS\System32\USER32.dll
0x00007ffcde780000 - 0x00007ffcde7a2000 	C:\WINDOWS\System32\win32u.dll
0x00007ffcc8c00000 - 0x00007ffcc8e9a000 	C:\WINDOWS\WinSxS\amd64_microsoft.windows.common-controls_6595b64144ccf1df_6.0.19041.844_none_ca00b6081b84eb1d\COMCTL32.dll
0x00007ffcdfde0000 - 0x00007ffcdfe0a000 	C:\WINDOWS\System32\GDI32.dll
0x00007ffcde5f0000 - 0x00007ffcde6fb000 	C:\WINDOWS\System32\gdi32full.dll
0x00007ffcded70000 - 0x00007ffcdee0d000 	C:\WINDOWS\System32\msvcp_win.dll
0x00007ffcd6450000 - 0x00007ffcd645a000 	C:\WINDOWS\SYSTEM32\VERSION.dll
0x00007ffcdf6e0000 - 0x00007ffcdf710000 	C:\WINDOWS\System32\IMM32.DLL
0x00007ffcceef0000 - 0x00007ffcceefc000 	F:\Java\bin\vcruntime140_1.dll
0x00007ffcb9ec0000 - 0x00007ffcb9f51000 	F:\Java\bin\msvcp140.dll
0x00007ffc7f370000 - 0x00007ffc7fece000 	F:\Java\bin\server\jvm.dll
0x00007ffcdfe10000 - 0x00007ffcdfe18000 	C:\WINDOWS\System32\PSAPI.DLL
0x00007ffcc8eb0000 - 0x00007ffcc8ed7000 	C:\WINDOWS\SYSTEM32\WINMM.dll
0x00007ffcc4aa0000 - 0x00007ffcc4aa9000 	C:\WINDOWS\SYSTEM32\WSOCK32.dll
0x00007ffcdfcd0000 - 0x00007ffcdfd3b000 	C:\WINDOWS\System32\WS2_32.dll
0x00007ffcdcde0000 - 0x00007ffcdcdf2000 	C:\WINDOWS\SYSTEM32\kernel.appcore.dll
0x00007ffccdb60000 - 0x00007ffccdb6a000 	F:\Java\bin\jimage.dll
0x00007ffcdcac0000 - 0x00007ffcdcca4000 	C:\WINDOWS\SYSTEM32\DBGHELP.DLL
0x00007ffcc4c50000 - 0x00007ffcc4c7c000 	C:\WINDOWS\SYSTEM32\dbgcore.DLL
0x00007ffcde700000 - 0x00007ffcde780000 	C:\WINDOWS\System32\bcryptPrimitives.dll
0x00007ffccd450000 - 0x00007ffccd45e000 	F:\Java\bin\instrument.dll
0x00007ffcc7b90000 - 0x00007ffcc7bb5000 	F:\Java\bin\java.dll

dbghelp: loaded successfully - version: 4.0.5 - missing functions: none
symbol engine: initialized successfully - sym options: 0x614 - pdb path: .;F:\Java\bin;C:\WINDOWS\SYSTEM32;C:\WINDOWS\WinSxS\amd64_microsoft.windows.common-controls_6595b64144ccf1df_6.0.19041.844_none_ca00b6081b84eb1d;F:\Java\bin\server

VM Arguments:
jvm_args: -Duser.language=en -ea -Didea.test.cyclic.buffer.size=1048576 -javaagent:F:\IntelliJ IDEA 2020.3.3\lib\idea_rt.jar=49848:F:\IntelliJ IDEA 2020.3.3\bin -Dfile.encoding=UTF-8 
java_command: com.intellij.rt.junit.JUnitStarter -ideVersion5 -junit5 TestMyMathModule,stub
java_class_path (initial): F:\IntelliJ IDEA 2020.3.3\lib\idea_rt.jar;C:\Users\DELL\.m2\repository\org\junit\platform\junit-platform-launcher\1.4.2\junit-platform-launcher-1.4.2.jar;F:\IntelliJ IDEA 2020.3.3\plugins\junit\lib\junit5-rt.jar;F:\IntelliJ IDEA 2020.3.3\plugins\junit\lib\junit-rt.jar;E:\Desktop\FSE\hairline-protection-association\src\Lab06\ZixiangHu\out\production\ZixiangHu;C:\Users\DELL\.m2\repository\org\junit\jupiter\junit-jupiter\5.4.2\junit-jupiter-5.4.2.jar;C:\Users\DELL\.m2\repository\org\junit\jupiter\junit-jupiter-api\5.4.2\junit-jupiter-api-5.4.2.jar;C:\Users\DELL\.m2\repository\org\apiguardian\apiguardian-api\1.0.0\apiguardian-api-1.0.0.jar;C:\Users\DELL\.m2\repository\org\opentest4j\opentest4j\1.1.1\opentest4j-1.1.1.jar;C:\Users\DELL\.m2\repository\org\junit\platform\junit-platform-commons\1.4.2\junit-platform-commons-1.4.2.jar;C:\Users\DELL\.m2\repository\org\junit\jupiter\junit-jupiter-params\5.4.2\junit-jupiter-params-5.4.2.jar;C:\Users\DELL\.m2\repository\org\junit\jupiter\junit-jupiter-engine\5.4.2\junit-jupiter-engine-5.4.2.jar;C:\Users\DELL\.m2\repository\org\junit\platform\junit-platform-engine\1.4.2\junit-platform-engine-1.4.2.jar
Launcher Type: SUN_STANDARD

[Global flags]
     intx CICompilerCount                          = 4                                         {product} {ergonomic}
     uint ConcGCThreads                            = 3                                         {product} {ergonomic}
     uint G1ConcRefinementThreads                  = 10                                        {product} {ergonomic}
   size_t G1HeapRegionSize                         = 4194304                                   {product} {ergonomic}
    uintx GCDrainStackTargetSize                   = 64                                        {product} {ergonomic}
   size_t InitialHeapSize                          = 335544320                                 {product} {ergonomic}
   size_t MarkStackSize                            = 4194304                                   {product} {ergonomic}
   size_t MaxHeapSize                              = 5335154688                                {product} {ergonomic}
   size_t MinHeapDeltaBytes                        = 4194304                                   {product} {ergonomic}
   size_t MinHeapSize                              = 8388608                                   {product} {ergonomic}
    uintx NonNMethodCodeHeapSize                   = 5839372                                {pd product} {ergonomic}
    uintx NonProfiledCodeHeapSize                  = 122909434                              {pd product} {ergonomic}
    uintx ProfiledCodeHeapSize                     = 122909434                              {pd product} {ergonomic}
    uintx ReservedCodeCacheSize                    = 251658240                              {pd product} {ergonomic}
     bool SegmentedCodeCache                       = true                                      {product} {ergonomic}
   size_t SoftMaxHeapSize                          = 5335154688                             {manageable} {ergonomic}
     bool UseCompressedClassPointers               = true                                 {lp64_product} {ergonomic}
     bool UseCompressedOops                        = true                                 {lp64_product} {ergonomic}
     bool UseG1GC                                  = true                                      {product} {ergonomic}
     bool UseLargePagesIndividualAllocation        = false                                  {pd product} {ergonomic}

Logging:
Log output configuration:
 #0: stdout all=warning uptime,level,tags
 #1: stderr all=off uptime,level,tags

Environment Variables:
JAVA_HOME=C:\Program Files\Java\jdk-15.0.1
JAVA_TOOL_OPTIONS=-Duser.language=en
CLASSPATH=.;C:\Program Files\Java\jdk-15.0.1\lib\dt.jar;C:\Program Files\Java\jdk-15.0.1\lib\tools.jar;
PATH=C:\Program Files\Common Files\Oracle\Java\javapath;C:\Program Files (x86)\Common Files\Oracle\Java\javapath;C:\Windows\system32;C:\Windows;C:\Windows\System32\Wbem;C:\Windows\System32\WindowsPowerShell\v1.0\;C:\Windows\System32\OpenSSH\;C:\Program Files (x86)\NVIDIA Corporation\PhysX\Common;C:\Program Files\Intel\WiFi\bin\;C:\Program Files\Common Files\Intel\WirelessCommon\;C:\Program Files\NVIDIA Corporation\NVIDIA NvDLISR;C:\MinGW\bin;C:\WINDOWS\system32;C:\WINDOWS;C:\WINDOWS\System32\Wbem;C:\WINDOWS\System32\WindowsPowerShell\v1.0\;C:\WINDOWS\System32\OpenSSH\;D:\bin;C:\Program Files\Java\jdk-15.0.1\bin;C:\Program Files\Java\jdk-15.0.1\jre\bin;E:\chromedriver_win32;C:\ProgramData\chocolatey\bin;C:\Program Files (x86)\Intel\Intel(R) Management Engine Components\DAL;C:\Program Files\Intel\Intel(R) Management Engine Components\DAL;E:\Desktop\Databsses and Interfaces\Git\cmd;C:\Program Files\Docker\Docker\resources\bin;C:\ProgramData\DockerDesktop\version-bin;C:\Users\DELL\AppData\Local\Programs\Python\Python37\Scripts\;C:\Users\DELL\AppData\Local\Programs\Python\Python37\;C:\Users\DELL\AppData\Local\Microsoft\WindowsApps;D:\文本编辑器\Microsoft VS Code\bin;E:\雷神加速器\LaTex\miktex\bin\x64\;E:\Latex\miktex\bin\x64\;C:\Users\DELL\AppData\Local\Microsoft\WindowsApps;C:\Program Files (x86)\clisp-2.49;C:\Users\DELL\AppData\Local\Pandoc\;F:\IntelliJ IDEA\IntelliJ IDEA 2020.3.2\bin;C:\Users\DELL\AppData\Roaming\cabal\bin;C:\tools\msys64;C:\ProgramData\chocolatey\lib\ghc\tools\ghc-8.10.4\bin;C:\Users\DELL\AppData\Local\GitHubDesktop\bin;F:\IntelliJ IDEA 2020.3.3\bin;
USERNAME=DELL
OS=Windows_NT
PROCESSOR_IDENTIFIER=Intel64 Family 6 Model 158 Stepping 10, GenuineIntel



---------------  S Y S T E M  ---------------

OS:
 Windows 10 , 64 bit Build 19041 (10.0.19041.804)
OS uptime: 10 days 18:56 hours
HyperV virtualization detected

CPU: total 12 (initial active 12) (6 cores per cpu, 2 threads per core) family 6 model 158 stepping 10 microcode 0xde, cmov, cx8, fxsr, mmx, sse, sse2, sse3, ssse3, sse4.1, sse4.2, popcnt, vzeroupper, avx, avx2, aes, clmul, erms, 3dnowpref, lzcnt, ht, tsc, tscinvbit, bmi1, bmi2, adx, fma, clflush, clflushopt

Memory: 4k page, system-wide physical 20339M (2576M free)
TotalPageFile size 33540M (AvailPageFile size 858M)
current process WorkingSet (physical memory assigned to process): 10M, peak: 10M
current process commit charge ("private bytes"): 54M, peak: 55M

vm_info: Java HotSpot(TM) 64-Bit Server VM (15.0.2+7-27) for windows-amd64 JRE (15.0.2+7-27), built on Dec  7 2020 20:07:01 by "mach5one" with unknown MS VC++:1925

END.
